Started GET "/hello_world" for 172.18.0.1 at 2020-05-07 08:47:19 +0000
Cannot render console from 172.18.0.1! Allowed networks: 127.0.0.0/127.255.255.255, ::1
  
ActiveRecord::NoDatabaseError (FATAL:  database "rails_base_development" does not exist
):
  
activerecord (6.0.3) lib/active_record/connection_adapters/postgresql_adapter.rb:50:in `rescue in postgresql_connection'
activerecord (6.0.3) lib/active_record/connection_adapters/postgresql_adapter.rb:33:in `postgresql_connection'
activerecord (6.0.3) lib/active_record/connection_adapters/abstract/connection_pool.rb:887:in `new_connection'
activerecord (6.0.3) lib/active_record/connection_adapters/abstract/connection_pool.rb:931:in `checkout_new_connection'
activerecord (6.0.3) lib/active_record/connection_adapters/abstract/connection_pool.rb:910:in `try_to_checkout_new_connection'
activerecord (6.0.3) lib/active_record/connection_adapters/abstract/connection_pool.rb:871:in `acquire_connection'
activerecord (6.0.3) lib/active_record/connection_adapters/abstract/connection_pool.rb:593:in `checkout'
activerecord (6.0.3) lib/active_record/connection_adapters/abstract/connection_pool.rb:437:in `connection'
activerecord (6.0.3) lib/active_record/connection_adapters/abstract/connection_pool.rb:1119:in `retrieve_connection'
activerecord (6.0.3) lib/active_record/connection_handling.rb:221:in `retrieve_connection'
activerecord (6.0.3) lib/active_record/connection_handling.rb:189:in `connection'
activerecord (6.0.3) lib/active_record/migration.rb:562:in `call'
actionpack (6.0.3) lib/action_dispatch/middleware/callbacks.rb:27:in `block in call'
activesupport (6.0.3) lib/active_support/callbacks.rb:101:in `run_callbacks'
actionpack (6.0.3) lib/action_dispatch/middleware/callbacks.rb:26:in `call'
actionpack (6.0.3) lib/action_dispatch/middleware/executor.rb:14:in `call'
actionpack (6.0.3) lib/action_dispatch/middleware/actionable_exceptions.rb:17:in `call'
actionpack (6.0.3) lib/action_dispatch/middleware/debug_exceptions.rb:32:in `call'
web-console (4.0.2) lib/web_console/middleware.rb:132:in `call_app'
web-console (4.0.2) lib/web_console/middleware.rb:19:in `block in call'
web-console (4.0.2) lib/web_console/middleware.rb:17:in `catch'
web-console (4.0.2) lib/web_console/middleware.rb:17:in `call'
actionpack (6.0.3) lib/action_dispatch/middleware/show_exceptions.rb:33:in `call'
railties (6.0.3) lib/rails/rack/logger.rb:37:in `call_app'
railties (6.0.3) lib/rails/rack/logger.rb:26:in `block in call'
activesupport (6.0.3) lib/active_support/tagged_logging.rb:80:in `block in tagged'
activesupport (6.0.3) lib/active_support/tagged_logging.rb:28:in `tagged'
activesupport (6.0.3) lib/active_support/tagged_logging.rb:80:in `tagged'
railties (6.0.3) lib/rails/rack/logger.rb:26:in `call'
sprockets-rails (3.2.1) lib/sprockets/rails/quiet_assets.rb:13:in `call'
actionpack (6.0.3) lib/action_dispatch/middleware/remote_ip.rb:81:in `call'
actionpack (6.0.3) lib/action_dispatch/middleware/request_id.rb:27:in `call'
rack (2.2.2) lib/rack/method_override.rb:24:in `call'
rack (2.2.2) lib/rack/runtime.rb:22:in `call'
activesupport (6.0.3) lib/active_support/cache/strategy/local_cache_middleware.rb:29:in `call'
actionpack (6.0.3) lib/action_dispatch/middleware/executor.rb:14:in `call'
actionpack (6.0.3) lib/action_dispatch/middleware/static.rb:126:in `call'
rack (2.2.2) lib/rack/sendfile.rb:110:in `call'
actionpack (6.0.3) lib/action_dispatch/middleware/host_authorization.rb:82:in `call'
webpacker (4.2.2) lib/webpacker/dev_server_proxy.rb:23:in `perform_request'
rack-proxy (0.6.5) lib/rack/proxy.rb:57:in `call'
railties (6.0.3) lib/rails/engine.rb:527:in `call'
puma (4.3.3) lib/puma/configuration.rb:228:in `call'
puma (4.3.3) lib/puma/server.rb:682:in `handle_request'
puma (4.3.3) lib/puma/server.rb:472:in `process_client'
puma (4.3.3) lib/puma/server.rb:328:in `block in run'
puma (4.3.3) lib/puma/thread_pool.rb:134:in `block in spawn_thread'
  [1m[35m (697.7ms)[0m  [1m[35mCREATE DATABASE "rails_base_development" ENCODING = 'unicode'[0m
  [1m[35m (1.4ms)[0m  [1m[35mCREATE DATABASE "rails_base_development" ENCODING = 'unicode'[0m
Started GET "/hello_world" for 172.18.0.1 at 2020-05-07 08:49:30 +0000
Cannot render console from 172.18.0.1! Allowed networks: 127.0.0.0/127.255.255.255, ::1
Processing by HelloWorldController#index as HTML
  Rendering hello_world/index.html.erb within layouts/hello_world
  Rendered hello_world/index.html.erb within layouts/hello_world (Duration: 76.6ms | Allocations: 15348)
[Webpacker] Compiling...
[Webpacker] Compilation failed:
yarn run v1.13.0
info Visit https://yarnpkg.com/en/docs/cli/run for documentation about this command.


error Command "webpack" not found.

Completed 500 Internal Server Error in 1890ms (ActiveRecord: 0.0ms | Allocations: 18896)


  
ActionView::Template::Error (Webpacker can't find hello-world-bundle in /app/public/packs/manifest.json. Possible causes:
1. You want to set webpacker.yml value of compile to true for your environment
   unless you are using the `webpack -w` or the webpack-dev-server.
2. webpack has not yet re-run to reflect updates.
3. You have misconfigured Webpacker's config/webpacker.yml file.
4. Your webpack configuration is not creating a manifest.
Your manifest contains:
{
}
):
    3:   <head>
    4:     <title>ReactOnRailsWithWebpacker</title>
    5:     <%= csrf_meta_tags %>
    6:     <%= javascript_pack_tag 'hello-world-bundle' %>
    7:   </head>
    8: 
    9:   <body>
  
app/views/layouts/hello_world.html.erb:6
Started GET "/hello_world" for 172.18.0.1 at 2020-05-07 09:37:09 +0000
Cannot render console from 172.18.0.1! Allowed networks: 127.0.0.0/127.255.255.255, ::1
Processing by HelloWorldController#index as HTML
  Rendering hello_world/index.html.erb within layouts/hello_world
  Rendered hello_world/index.html.erb within layouts/hello_world (Duration: 131.4ms | Allocations: 8874)
[Webpacker] Compiling...
Started GET "/" for 172.18.0.1 at 2020-05-07 09:37:11 +0000
Cannot render console from 172.18.0.1! Allowed networks: 127.0.0.0/127.255.255.255, ::1
Processing by Rails::WelcomeController#index as HTML
  Rendering /usr/local/bundle/gems/railties-6.0.3/lib/rails/templates/rails/welcome/index.html.erb
  Rendered /usr/local/bundle/gems/railties-6.0.3/lib/rails/templates/rails/welcome/index.html.erb (Duration: 11.0ms | Allocations: 183)
Completed 200 OK in 23ms (Views: 20.0ms | ActiveRecord: 0.0ms | Allocations: 856)


Started GET "/hello_world" for 172.18.0.1 at 2020-05-07 09:37:12 +0000
Cannot render console from 172.18.0.1! Allowed networks: 127.0.0.0/127.255.255.255, ::1
Processing by HelloWorldController#index as HTML
  Rendering hello_world/index.html.erb within layouts/hello_world
  Rendered hello_world/index.html.erb within layouts/hello_world (Duration: 4.7ms | Allocations: 481)
[Webpacker] Compiling...
Started GET "/hello_world" for 172.18.0.1 at 2020-05-07 09:37:21 +0000
Cannot render console from 172.18.0.1! Allowed networks: 127.0.0.0/127.255.255.255, ::1
Processing by HelloWorldController#index as HTML
  Rendering hello_world/index.html.erb within layouts/hello_world
  Rendered hello_world/index.html.erb within layouts/hello_world (Duration: 3.1ms | Allocations: 393)
[Webpacker] Compiling...
[Webpacker] Compiled all packs in /app/public/packs
[Webpacker] Hash: 8841d3920aa06449bb15
Version: webpack 4.43.0
Time: 26352ms
Built at: 05/07/2020 9:37:40 AM
                                            Asset      Size              Chunks                         Chunk Names
           js/application-9afcbb5693aa87623e69.js   124 KiB         application  [emitted] [immutable]  application
       js/application-9afcbb5693aa87623e69.js.map   139 KiB         application  [emitted] [dev]        application
    js/hello-world-bundle-b0f1f43e1992793a62c5.js  1.39 MiB  hello-world-bundle  [emitted] [immutable]  hello-world-bundle
js/hello-world-bundle-b0f1f43e1992793a62c5.js.map   1.5 MiB  hello-world-bundle  [emitted] [dev]        hello-world-bundle
           js/hello_react-3cd6eb5a4872fc7bec23.js  1.05 MiB         hello_react  [emitted] [immutable]  hello_react
       js/hello_react-3cd6eb5a4872fc7bec23.js.map  1.21 MiB         hello_react  [emitted] [dev]        hello_react
                                    manifest.json  1.07 KiB                      [emitted]              
Entrypoint application = js/application-9afcbb5693aa87623e69.js js/application-9afcbb5693aa87623e69.js.map
Entrypoint hello_react = js/hello_react-3cd6eb5a4872fc7bec23.js js/hello_react-3cd6eb5a4872fc7bec23.js.map
Entrypoint hello-world-bundle = js/hello-world-bundle-b0f1f43e1992793a62c5.js js/hello-world-bundle-b0f1f43e1992793a62c5.js.map
[./app/javascript/channels sync recursive _channel\.js$] ./app/javascript/channels sync _channel\.js$ 160 bytes {application} [built]
[./app/javascript/channels/index.js] 211 bytes {application} [built]
[./app/javascript/packs/application.js] 749 bytes {application} [built]
[./app/javascript/packs/hello-world-bundle.js] 235 bytes {hello-world-bundle} [built]
[./app/javascript/packs/hello_react.jsx] 1.04 KiB {hello_react} [built]
[./node_modules/webpack/buildin/global.js] (webpack)/buildin/global.js 905 bytes {hello-world-bundle} [built]
[./node_modules/webpack/buildin/module.js] (webpack)/buildin/module.js 552 bytes {application} [built]
    + 155 hidden modules

[Webpacker] Compiled all packs in /app/public/packs
[Webpacker] Hash: 8841d3920aa06449bb15
Version: webpack 4.43.0
Time: 12278ms
Built at: 05/07/2020 9:37:40 AM
                                            Asset      Size              Chunks                         Chunk Names
           js/application-9afcbb5693aa87623e69.js   124 KiB         application  [emitted] [immutable]  application
       js/application-9afcbb5693aa87623e69.js.map   139 KiB         application  [emitted] [dev]        application
    js/hello-world-bundle-b0f1f43e1992793a62c5.js  1.39 MiB  hello-world-bundle  [emitted] [immutable]  hello-world-bundle
js/hello-world-bundle-b0f1f43e1992793a62c5.js.map   1.5 MiB  hello-world-bundle  [emitted] [dev]        hello-world-bundle
           js/hello_react-3cd6eb5a4872fc7bec23.js  1.05 MiB         hello_react  [emitted] [immutable]  hello_react
       js/hello_react-3cd6eb5a4872fc7bec23.js.map  1.21 MiB         hello_react  [emitted] [dev]        hello_react
                                    manifest.json  1.07 KiB                      [emitted]              
Entrypoint application = js/application-9afcbb5693aa87623e69.js js/application-9afcbb5693aa87623e69.js.map
Entrypoint hello_react = js/hello_react-3cd6eb5a4872fc7bec23.js js/hello_react-3cd6eb5a4872fc7bec23.js.map
Entrypoint hello-world-bundle = js/hello-world-bundle-b0f1f43e1992793a62c5.js js/hello-world-bundle-b0f1f43e1992793a62c5.js.map
[./app/javascript/channels sync recursive _channel\.js$] ./app/javascript/channels sync _channel\.js$ 160 bytes {application} [built]
[./app/javascript/channels/index.js] 211 bytes {application} [built]
[./app/javascript/packs/application.js] 749 bytes {application} [built]
[./app/javascript/packs/hello-world-bundle.js] 235 bytes {hello-world-bundle} [built]
[./app/javascript/packs/hello_react.jsx] 1.04 KiB {hello_react} [built]
[./node_modules/webpack/buildin/global.js] (webpack)/buildin/global.js 905 bytes {hello-world-bundle} [built]
[./node_modules/webpack/buildin/module.js] (webpack)/buildin/module.js 552 bytes {application} [built]
    + 155 hidden modules

Completed 200 OK in 31241ms (Views: 31206.5ms | ActiveRecord: 0.0ms | Allocations: 35421)


Completed 200 OK in 19489ms (Views: 19487.7ms | ActiveRecord: 0.0ms | Allocations: 4717)


[Webpacker] Compiled all packs in /app/public/packs
[Webpacker] Hash: 8841d3920aa06449bb15
Version: webpack 4.43.0
Time: 25824ms
Built at: 05/07/2020 9:37:41 AM
                                            Asset      Size              Chunks                         Chunk Names
           js/application-9afcbb5693aa87623e69.js   124 KiB         application  [emitted] [immutable]  application
       js/application-9afcbb5693aa87623e69.js.map   139 KiB         application  [emitted] [dev]        application
    js/hello-world-bundle-b0f1f43e1992793a62c5.js  1.39 MiB  hello-world-bundle  [emitted] [immutable]  hello-world-bundle
js/hello-world-bundle-b0f1f43e1992793a62c5.js.map   1.5 MiB  hello-world-bundle  [emitted] [dev]        hello-world-bundle
           js/hello_react-3cd6eb5a4872fc7bec23.js  1.05 MiB         hello_react  [emitted] [immutable]  hello_react
       js/hello_react-3cd6eb5a4872fc7bec23.js.map  1.21 MiB         hello_react  [emitted] [dev]        hello_react
                                    manifest.json  1.07 KiB                      [emitted]              
Entrypoint application = js/application-9afcbb5693aa87623e69.js js/application-9afcbb5693aa87623e69.js.map
Entrypoint hello_react = js/hello_react-3cd6eb5a4872fc7bec23.js js/hello_react-3cd6eb5a4872fc7bec23.js.map
Entrypoint hello-world-bundle = js/hello-world-bundle-b0f1f43e1992793a62c5.js js/hello-world-bundle-b0f1f43e1992793a62c5.js.map
[./app/javascript/channels sync recursive _channel\.js$] ./app/javascript/channels sync _channel\.js$ 160 bytes {application} [built]
[./app/javascript/channels/index.js] 211 bytes {application} [built]
[./app/javascript/packs/application.js] 749 bytes {application} [built]
[./app/javascript/packs/hello-world-bundle.js] 235 bytes {hello-world-bundle} [built]
[./app/javascript/packs/hello_react.jsx] 1.04 KiB {hello_react} [built]
[./node_modules/webpack/buildin/global.js] (webpack)/buildin/global.js 905 bytes {hello-world-bundle} [built]
[./node_modules/webpack/buildin/module.js] (webpack)/buildin/module.js 552 bytes {application} [built]
    + 155 hidden modules

Completed 200 OK in 29962ms (Views: 29955.4ms | ActiveRecord: 0.0ms | Allocations: 14332)


